<?xml version="1.0" encoding="UTF-8"?>
<!-- Generated by org.testng.reporters.JUnitReportReporter -->
<testsuite hostname="DESKTOP-RGULHIU" failures="0" tests="1" name="appium.TestMultiply" time="28.392" errors="0" timestamp="2024-12-05T00:15:52 EET" skipped="0">
  <testcase classname="appium.TestMultiply" name="testMultiply" time="28.392"/>
  <system-out/>
</testsuite> <!-- appium.TestMultiply -->
