<?xml version="1.0" encoding="UTF-8"?>
<!-- Generated by org.testng.reporters.JUnitReportReporter -->
<testsuite hostname="DESKTOP-RGULHIU" failures="0" tests="1" name="appium.waitclass" time="6.594" errors="0" timestamp="2024-12-05T15:24:04 EET" skipped="0">
  <testcase classname="appium.waitclass" name="testMultiply" time="6.594"/>
  <system-out/>
</testsuite> <!-- appium.waitclass -->
