<?xml version="1.0" encoding="UTF-8"?>
<!-- Generated by org.testng.reporters.JUnitReportReporter -->
<testsuite hostname="DESKTOP-RGULHIU" failures="0" tests="1" name="appium.TestMultiply" time="29.064" errors="0" timestamp="2024-12-05T15:23:15 EET" skipped="0">
  <testcase classname="appium.TestMultiply" name="testMultiply" time="29.064"/>
  <system-out/>
</testsuite> <!-- appium.TestMultiply -->
